<?xml version="1.0" encoding="UTF-8"?>
<!-- Generated by org.testng.reporters.JUnitReportReporter -->
<testsuite name="TestHome.DropDownTest" tests="4" time="0.001" ignored="0" failures="0" timestamp="02 Feb 2017 22:29:09 GMT" skipped="4" hostname="ahouras-MacBook-Pro.local" errors="0">
  <testcase name="runTestMens" time="0.000" classname="TestHome.DropDownTest">
    <skipped/>
  </testcase> <!-- runTestMens -->
  <testcase name="runTestGear" time="0.001" classname="TestHome.DropDownTest">
    <skipped/>
  </testcase> <!-- runTestGear -->
  <testcase name="runTestKids" time="0.000" classname="TestHome.DropDownTest">
    <skipped/>
  </testcase> <!-- runTestKids -->
  <testcase name="runTestWomens" time="0.000" classname="TestHome.DropDownTest">
    <skipped/>
  </testcase> <!-- runTestWomens -->
</testsuite> <!-- TestHome.DropDownTest -->
