<?xml version="1.0" encoding="UTF-8"?>
<!-- Generated by org.testng.reporters.JUnitReportReporter -->
<testsuite name="TestHome.TestLogin" tests="1" time="0.000" ignored="0" failures="0" timestamp="02 Feb 2017 22:29:09 GMT" skipped="1" hostname="ahouras-MacBook-Pro.local" errors="0">
  <testcase name="loginTest" time="0.000" classname="TestHome.TestLogin">
    <skipped/>
  </testcase> <!-- loginTest -->
</testsuite> <!-- TestHome.TestLogin -->
